{"total": {"lines":{"total":2857,"covered":2729,"skipped":0,"pct":95.51},"statements":{"total":2857,"covered":2729,"skipped":0,"pct":95.51},"functions":{"total":130,"covered":129,"skipped":0,"pct":99.23},"branches":{"total":603,"covered":501,"skipped":0,"pct":83.08},"branchesTrue":{"total":0,"covered":0,"skipped":0,"pct":100}}
,"/Users/rory/Documents/StoryTime/backend/api/index.ts": {"lines":{"total":3,"covered":3,"skipped":0,"pct":100},"functions":{"total":0,"covered":0,"skipped":0,"pct":100},"statements":{"total":3,"covered":3,"skipped":0,"pct":100},"branches":{"total":0,"covered":0,"skipped":0,"pct":100}}
,"/Users/rory/Documents/StoryTime/backend/src/app.ts": {"lines":{"total":314,"covered":300,"skipped":0,"pct":95.54},"functions":{"total":5,"covered":5,"skipped":0,"pct":100},"statements":{"total":314,"covered":300,"skipped":0,"pct":95.54},"branches":{"total":75,"covered":56,"skipped":0,"pct":74.66}}
,"/Users/rory/Documents/StoryTime/backend/src/types.ts": {"lines":{"total":124,"covered":124,"skipped":0,"pct":100},"functions":{"total":0,"covered":0,"skipped":0,"pct":100},"statements":{"total":124,"covered":124,"skipped":0,"pct":100},"branches":{"total":0,"covered":0,"skipped":0,"pct":100}}
,"/Users/rory/Documents/StoryTime/backend/src/lib/analytics.ts": {"lines":{"total":29,"covered":29,"skipped":0,"pct":100},"functions":{"total":8,"covered":8,"skipped":0,"pct":100},"statements":{"total":29,"covered":29,"skipped":0,"pct":100},"branches":{"total":11,"covered":11,"skipped":0,"pct":100}}
,"/Users/rory/Documents/StoryTime/backend/src/lib/auth.ts": {"lines":{"total":71,"covered":67,"skipped":0,"pct":94.36},"functions":{"total":4,"covered":3,"skipped":0,"pct":75},"statements":{"total":71,"covered":67,"skipped":0,"pct":94.36},"branches":{"total":15,"covered":13,"skipped":0,"pct":86.66}}
,"/Users/rory/Documents/StoryTime/backend/src/lib/env.ts": {"lines":{"total":98,"covered":96,"skipped":0,"pct":97.95},"functions":{"total":2,"covered":2,"skipped":0,"pct":100},"statements":{"total":98,"covered":96,"skipped":0,"pct":97.95},"branches":{"total":24,"covered":23,"skipped":0,"pct":95.83}}
,"/Users/rory/Documents/StoryTime/backend/src/lib/errors.ts": {"lines":{"total":10,"covered":10,"skipped":0,"pct":100},"functions":{"total":1,"covered":1,"skipped":0,"pct":100},"statements":{"total":10,"covered":10,"skipped":0,"pct":100},"branches":{"total":1,"covered":1,"skipped":0,"pct":100}}
,"/Users/rory/Documents/StoryTime/backend/src/lib/logger.ts": {"lines":{"total":28,"covered":28,"skipped":0,"pct":100},"functions":{"total":0,"covered":0,"skipped":0,"pct":100},"statements":{"total":28,"covered":28,"skipped":0,"pct":100},"branches":{"total":2,"covered":0,"skipped":0,"pct":0}}
,"/Users/rory/Documents/StoryTime/backend/src/lib/openaiClient.ts": {"lines":{"total":8,"covered":8,"skipped":0,"pct":100},"functions":{"total":1,"covered":1,"skipped":0,"pct":100},"statements":{"total":8,"covered":8,"skipped":0,"pct":100},"branches":{"total":1,"covered":1,"skipped":0,"pct":100}}
,"/Users/rory/Documents/StoryTime/backend/src/lib/rateLimiter.ts": {"lines":{"total":24,"covered":24,"skipped":0,"pct":100},"functions":{"total":3,"covered":3,"skipped":0,"pct":100},"statements":{"total":24,"covered":24,"skipped":0,"pct":100},"branches":{"total":7,"covered":7,"skipped":0,"pct":100}}
,"/Users/rory/Documents/StoryTime/backend/src/lib/requestContext.ts": {"lines":{"total":27,"covered":27,"skipped":0,"pct":100},"functions":{"total":4,"covered":4,"skipped":0,"pct":100},"statements":{"total":27,"covered":27,"skipped":0,"pct":100},"branches":{"total":17,"covered":17,"skipped":0,"pct":100}}
,"/Users/rory/Documents/StoryTime/backend/src/lib/retry.ts": {"lines":{"total":41,"covered":39,"skipped":0,"pct":95.12},"functions":{"total":3,"covered":3,"skipped":0,"pct":100},"statements":{"total":41,"covered":39,"skipped":0,"pct":95.12},"branches":{"total":25,"covered":22,"skipped":0,"pct":88}}
,"/Users/rory/Documents/StoryTime/backend/src/lib/security.ts": {"lines":{"total":106,"covered":102,"skipped":0,"pct":96.22},"functions":{"total":9,"covered":9,"skipped":0,"pct":100},"statements":{"total":106,"covered":102,"skipped":0,"pct":96.22},"branches":{"total":20,"covered":18,"skipped":0,"pct":90}}
,"/Users/rory/Documents/StoryTime/backend/src/services/discoveryService.ts": {"lines":{"total":44,"covered":44,"skipped":0,"pct":100},"functions":{"total":3,"covered":3,"skipped":0,"pct":100},"statements":{"total":44,"covered":44,"skipped":0,"pct":100},"branches":{"total":11,"covered":9,"skipped":0,"pct":81.81}}
,"/Users/rory/Documents/StoryTime/backend/src/services/embeddingsService.ts": {"lines":{"total":54,"covered":54,"skipped":0,"pct":100},"functions":{"total":3,"covered":3,"skipped":0,"pct":100},"statements":{"total":54,"covered":54,"skipped":0,"pct":100},"branches":{"total":8,"covered":6,"skipped":0,"pct":75}}
,"/Users/rory/Documents/StoryTime/backend/src/services/moderationService.ts": {"lines":{"total":56,"covered":51,"skipped":0,"pct":91.07},"functions":{"total":5,"covered":5,"skipped":0,"pct":100},"statements":{"total":56,"covered":51,"skipped":0,"pct":91.07},"branches":{"total":11,"covered":7,"skipped":0,"pct":63.63}}
,"/Users/rory/Documents/StoryTime/backend/src/services/policyService.ts": {"lines":{"total":96,"covered":93,"skipped":0,"pct":96.87},"functions":{"total":6,"covered":6,"skipped":0,"pct":100},"statements":{"total":96,"covered":93,"skipped":0,"pct":96.87},"branches":{"total":23,"covered":21,"skipped":0,"pct":91.3}}
,"/Users/rory/Documents/StoryTime/backend/src/services/realtimeService.ts": {"lines":{"total":140,"covered":133,"skipped":0,"pct":95},"functions":{"total":10,"covered":10,"skipped":0,"pct":100},"statements":{"total":140,"covered":133,"skipped":0,"pct":95},"branches":{"total":17,"covered":12,"skipped":0,"pct":70.58}}
,"/Users/rory/Documents/StoryTime/backend/src/services/storyContinuityService.ts": {"lines":{"total":313,"covered":299,"skipped":0,"pct":95.52},"functions":{"total":13,"covered":13,"skipped":0,"pct":100},"statements":{"total":313,"covered":299,"skipped":0,"pct":95.52},"branches":{"total":54,"covered":38,"skipped":0,"pct":70.37}}
,"/Users/rory/Documents/StoryTime/backend/src/services/storyDiscoveryService.ts": {"lines":{"total":312,"covered":293,"skipped":0,"pct":93.91},"functions":{"total":15,"covered":15,"skipped":0,"pct":100},"statements":{"total":312,"covered":293,"skipped":0,"pct":93.91},"branches":{"total":66,"covered":59,"skipped":0,"pct":89.39}}
,"/Users/rory/Documents/StoryTime/backend/src/services/storyPlannerService.ts": {"lines":{"total":445,"covered":422,"skipped":0,"pct":94.83},"functions":{"total":23,"covered":23,"skipped":0,"pct":100},"statements":{"total":445,"covered":422,"skipped":0,"pct":94.83},"branches":{"total":140,"covered":122,"skipped":0,"pct":87.14}}
,"/Users/rory/Documents/StoryTime/backend/src/services/storyService.ts": {"lines":{"total":514,"covered":483,"skipped":0,"pct":93.96},"functions":{"total":12,"covered":12,"skipped":0,"pct":100},"statements":{"total":514,"covered":483,"skipped":0,"pct":93.96},"branches":{"total":75,"covered":58,"skipped":0,"pct":77.33}}
}
