TN:
SF:api/index.ts
FNF:0
FNH:0
DA:1,1
DA:3,1
DA:5,1
LF:3
LH:3
BRF:0
BRH:0
end_of_record
TN:
SF:src/app.ts
FN:46,buildDefaultServices
FN:60,createApp
FN:322,createRateLimiters
FN:357,requiresIdentity
FN:361,useLimiter
FNF:5
FNH:5
FNDA:1,buildDefaultServices
FNDA:18,createApp
FNDA:18,createRateLimiters
FNDA:19,requiresIdentity
FNDA:90,useLimiter
DA:1,1
DA:2,1
DA:3,1
DA:4,1
DA:5,1
DA:6,1
DA:7,1
DA:8,1
DA:9,1
DA:10,1
DA:11,1
DA:18,1
DA:19,1
DA:20,1
DA:29,1
DA:30,1
DA:31,1
DA:32,1
DA:33,1
DA:34,1
DA:35,1
DA:36,1
DA:46,1
DA:47,1
DA:48,1
DA:49,1
DA:51,1
DA:52,1
DA:53,1
DA:54,1
DA:55,1
DA:56,1
DA:57,1
DA:58,1
DA:60,1
DA:61,18
DA:62,18
DA:63,18
DA:65,18
DA:66,18
DA:67,18
DA:68,18
DA:69,18
DA:70,18
DA:71,19
DA:72,19
DA:73,19
DA:74,19
DA:75,18
DA:76,18
DA:77,19
DA:78,19
DA:79,19
DA:80,19
DA:81,19
DA:82,19
DA:83,19
DA:84,19
DA:85,19
DA:86,19
DA:87,19
DA:88,19
DA:89,19
DA:90,19
DA:91,19
DA:92,19
DA:93,19
DA:94,19
DA:95,18
DA:96,18
DA:97,19
DA:98,3
DA:99,3
DA:101,16
DA:102,16
DA:103,16
DA:104,16
DA:105,16
DA:106,19
DA:107,19
DA:108,19
DA:109,19
DA:110,19
DA:111,19
DA:112,19
DA:113,19
DA:114,19
DA:115,19
DA:116,19
DA:117,19
DA:118,19
DA:119,19
DA:120,19
DA:121,19
DA:122,19
DA:123,19
DA:124,19
DA:125,19
DA:126,19
DA:127,19
DA:129,19
DA:130,19
DA:131,19
DA:133,19
DA:134,13
DA:135,13
DA:136,13
DA:138,19
DA:139,13
DA:140,13
DA:141,13
DA:142,13
DA:143,13
DA:144,13
DA:145,13
DA:146,13
DA:147,13
DA:149,13
DA:150,18
DA:151,3
DA:152,3
DA:153,18
DA:155,18
DA:156,2
DA:157,2
DA:158,2
DA:159,2
DA:160,2
DA:161,2
DA:162,2
DA:163,2
DA:164,2
DA:165,18
DA:167,18
DA:168,1
DA:169,1
DA:170,1
DA:171,1
DA:172,1
DA:173,18
DA:175,18
DA:176,2
DA:177,2
DA:178,2
DA:179,2
DA:180,2
DA:181,2
DA:182,2
DA:183,2
DA:184,2
DA:185,2
DA:186,2
DA:187,2
DA:188,2
DA:189,2
DA:190,2
DA:191,2
DA:192,2
DA:193,2
DA:194,2
DA:195,2
DA:196,0
DA:197,0
DA:198,18
DA:200,18
DA:201,1
DA:202,1
DA:203,1
DA:204,1
DA:205,1
DA:206,1
DA:207,1
DA:208,1
DA:209,1
DA:210,1
DA:211,0
DA:212,0
DA:213,18
DA:215,18
DA:216,1
DA:217,1
DA:218,1
DA:219,1
DA:220,1
DA:221,1
DA:222,0
DA:223,0
DA:224,18
DA:226,18
DA:227,1
DA:228,1
DA:229,1
DA:230,1
DA:231,1
DA:232,1
DA:233,0
DA:234,0
DA:235,18
DA:237,18
DA:238,3
DA:239,3
DA:240,3
DA:241,3
DA:242,3
DA:243,3
DA:244,3
DA:245,2
DA:246,2
DA:247,18
DA:249,18
DA:250,2
DA:251,2
DA:252,2
DA:253,2
DA:254,2
DA:255,2
DA:256,0
DA:257,0
DA:258,18
DA:260,18
DA:261,2
DA:262,2
DA:263,2
DA:264,2
DA:265,2
DA:266,2
DA:267,1
DA:268,1
DA:269,18
DA:271,18
DA:272,1
DA:273,1
DA:274,1
DA:275,1
DA:276,1
DA:277,1
DA:278,0
DA:279,0
DA:280,18
DA:282,18
DA:283,6
DA:285,6
DA:286,1
DA:287,1
DA:288,1
DA:289,1
DA:290,1
DA:291,1
DA:293,6
DA:294,4
DA:295,4
DA:296,4
DA:297,4
DA:298,4
DA:299,4
DA:300,4
DA:302,6
DA:303,6
DA:304,6
DA:305,6
DA:306,6
DA:307,6
DA:308,6
DA:309,18
DA:311,18
DA:312,18
DA:322,18
DA:323,18
DA:324,18
DA:325,18
DA:326,18
DA:327,18
DA:328,18
DA:329,18
DA:330,18
DA:331,18
DA:332,18
DA:333,18
DA:334,18
DA:335,18
DA:336,18
DA:337,18
DA:338,18
DA:339,18
DA:340,18
DA:341,18
DA:342,18
DA:343,18
DA:344,18
DA:345,18
DA:346,18
DA:347,18
DA:348,18
DA:349,18
DA:350,18
DA:351,18
DA:352,18
DA:353,18
DA:354,18
DA:355,18
DA:357,19
DA:358,19
DA:359,19
DA:361,90
DA:362,90
DA:363,9
DA:364,9
DA:365,9
DA:366,9
DA:367,9
DA:368,0
DA:369,0
DA:370,9
DA:371,90
LF:314
LH:300
BRDA:46,0,0,1
BRDA:60,1,0,18
BRDA:61,2,0,17
BRDA:61,3,0,1
BRDA:62,4,0,17
BRDA:62,5,0,1
BRDA:66,6,0,1
BRDA:66,7,0,17
BRDA:68,8,0,0
BRDA:70,9,0,19
BRDA:76,10,0,19
BRDA:78,11,0,19
BRDA:80,12,0,0
BRDA:82,13,0,0
BRDA:87,14,0,14
BRDA:87,15,0,5
BRDA:88,16,0,14
BRDA:89,17,0,14
BRDA:90,18,0,14
BRDA:96,19,0,19
BRDA:97,20,0,3
BRDA:99,21,0,18
BRDA:99,22,0,16
BRDA:106,23,0,0
BRDA:106,24,0,14
BRDA:107,25,0,14
BRDA:107,26,0,0
BRDA:111,27,0,0
BRDA:133,28,0,18
BRDA:133,29,0,13
BRDA:138,30,0,0
BRDA:138,31,0,18
BRDA:138,32,0,13
BRDA:142,33,0,0
BRDA:150,34,0,3
BRDA:155,35,0,2
BRDA:163,36,0,0
BRDA:167,37,0,1
BRDA:175,38,0,2
BRDA:195,39,0,0
BRDA:200,40,0,1
BRDA:210,41,0,0
BRDA:215,42,0,1
BRDA:221,43,0,0
BRDA:226,44,0,1
BRDA:232,45,0,0
BRDA:237,46,0,3
BRDA:242,47,0,1
BRDA:243,48,0,0
BRDA:243,49,0,1
BRDA:244,50,0,2
BRDA:249,51,0,2
BRDA:254,52,0,1
BRDA:254,53,0,1
BRDA:255,54,0,0
BRDA:260,55,0,2
BRDA:264,56,0,1
BRDA:265,57,0,0
BRDA:265,58,0,1
BRDA:266,59,0,1
BRDA:271,60,0,1
BRDA:277,61,0,0
BRDA:282,62,0,6
BRDA:283,63,0,0
BRDA:285,64,0,1
BRDA:291,65,0,5
BRDA:293,66,0,4
BRDA:300,67,0,1
BRDA:322,68,0,18
BRDA:357,69,0,19
BRDA:358,70,0,17
BRDA:358,71,0,1
BRDA:361,72,0,90
BRDA:362,73,0,9
BRDA:367,74,0,0
BRF:75
BRH:56
end_of_record
TN:
SF:src/types.ts
FNF:0
FNH:0
DA:1,1
DA:3,1
DA:5,1
DA:6,1
DA:7,1
DA:8,1
DA:9,1
DA:10,1
DA:11,1
DA:12,1
DA:14,1
DA:15,1
DA:16,1
DA:17,1
DA:18,1
DA:20,1
DA:21,1
DA:22,1
DA:23,1
DA:24,1
DA:26,1
DA:27,1
DA:28,1
DA:29,1
DA:30,1
DA:31,1
DA:32,1
DA:33,1
DA:34,1
DA:35,1
DA:36,1
DA:38,1
DA:39,1
DA:40,1
DA:41,1
DA:42,1
DA:43,1
DA:44,1
DA:46,1
DA:47,1
DA:48,1
DA:49,1
DA:50,1
DA:51,1
DA:52,1
DA:54,1
DA:55,1
DA:56,1
DA:57,1
DA:58,1
DA:59,1
DA:60,1
DA:61,1
DA:63,1
DA:64,1
DA:65,1
DA:66,1
DA:71,1
DA:72,1
DA:73,1
DA:74,1
DA:75,1
DA:76,1
DA:77,1
DA:78,1
DA:79,1
DA:80,1
DA:84,1
DA:85,1
DA:86,1
DA:87,1
DA:89,1
DA:90,1
DA:91,1
DA:92,1
DA:93,1
DA:94,1
DA:95,1
DA:96,1
DA:100,1
DA:101,1
DA:102,1
DA:103,1
DA:104,1
DA:105,1
DA:106,1
DA:107,1
DA:111,1
DA:112,1
DA:113,1
DA:114,1
DA:115,1
DA:116,1
DA:117,1
DA:121,1
DA:122,1
DA:123,1
DA:125,1
DA:126,1
DA:127,1
DA:129,1
DA:130,1
DA:131,1
DA:132,1
DA:133,1
DA:137,1
DA:138,1
DA:139,1
DA:140,1
DA:144,1
DA:145,1
DA:146,1
DA:147,1
DA:148,1
DA:149,1
DA:150,1
DA:154,1
DA:155,1
DA:156,1
DA:157,1
DA:158,1
DA:159,1
DA:160,1
DA:161,1
LF:124
LH:124
BRF:0
BRH:0
end_of_record
TN:
SF:src/lib/analytics.ts
FN:39,<instance_members_initializer>
FN:42,increment
FN:46,snapshot
FN:51,<instance_members_initializer>
FN:54,recordRequest
FN:59,recordOpenAI
FN:64,recordSecurity
FN:69,snapshot
FNF:8
FNH:8
FNDA:8,<instance_members_initializer>
FNDA:66,increment
FNDA:3,snapshot
FNDA:8,<instance_members_initializer>
FNDA:20,recordRequest
FNDA:30,recordOpenAI
FNDA:16,recordSecurity
FNDA:3,snapshot
DA:1,1
DA:39,8
DA:40,8
DA:42,8
DA:43,66
DA:44,66
DA:46,8
DA:47,3
DA:48,3
DA:49,8
DA:51,8
DA:52,8
DA:54,8
DA:55,20
DA:56,20
DA:57,20
DA:59,8
DA:60,30
DA:61,30
DA:62,30
DA:64,8
DA:65,16
DA:66,16
DA:67,16
DA:69,8
DA:70,3
DA:71,3
DA:72,8
DA:74,1
LF:29
LH:29
BRDA:39,0,0,8
BRDA:42,1,0,66
BRDA:43,2,0,42
BRDA:46,3,0,3
BRDA:51,4,0,8
BRDA:54,5,0,20
BRDA:59,6,0,30
BRDA:60,7,0,23
BRDA:60,8,0,7
BRDA:64,9,0,16
BRDA:69,10,0,3
BRF:11
BRH:11
end_of_record
TN:
SF:src/lib/auth.ts
FN:21,extractInstallId
FN:30,extractClientIp
FN:39,resolveSessionIdentity
FN:43,resolveSessionIdentityWithOptions
FNF:4
FNH:3
FNDA:20,extractInstallId
FNDA:1,extractClientIp
FNDA:0,resolveSessionIdentity
FNDA:18,resolveSessionIdentityWithOptions
DA:1,1
DA:4,1
DA:5,1
DA:7,1
DA:21,1
DA:22,20
DA:23,20
DA:24,1
DA:25,1
DA:27,19
DA:28,19
DA:30,1
DA:31,1
DA:32,1
DA:33,1
DA:34,1
DA:36,0
DA:37,1
DA:39,1
DA:40,0
DA:41,0
DA:43,1
DA:44,18
DA:45,18
DA:46,18
DA:47,18
DA:48,18
DA:49,18
DA:50,18
DA:51,18
DA:53,18
DA:54,1
DA:55,1
DA:56,1
DA:57,1
DA:58,1
DA:59,1
DA:60,1
DA:61,1
DA:62,1
DA:63,1
DA:64,1
DA:65,1
DA:66,0
DA:68,1
DA:69,1
DA:70,1
DA:71,1
DA:72,1
DA:73,1
DA:74,1
DA:75,1
DA:77,18
DA:78,2
DA:79,2
DA:81,15
DA:83,15
DA:84,15
DA:85,15
DA:86,15
DA:87,15
DA:88,15
DA:89,15
DA:90,15
DA:91,15
DA:92,15
DA:93,15
DA:94,15
DA:95,15
DA:96,15
DA:97,15
LF:71
LH:67
BRDA:21,0,0,20
BRDA:22,1,0,19
BRDA:23,2,0,1
BRDA:25,3,0,19
BRDA:30,4,0,1
BRDA:34,5,0,0
BRDA:43,6,0,18
BRDA:51,7,0,1
BRDA:53,8,0,1
BRDA:65,9,0,0
BRDA:75,10,0,17
BRDA:77,11,0,2
BRDA:77,12,0,16
BRDA:77,13,0,2
BRDA:79,14,0,15
BRF:15
BRH:13
end_of_record
TN:
SF:src/lib/env.ts
FN:91,loadEnv
FN:97,assertSecureEnv
FNF:2
FNH:2
FNDA:5,loadEnv
FNDA:5,assertSecureEnv
DA:1,1
DA:3,1
DA:5,1
DA:6,1
DA:7,1
DA:8,1
DA:9,20
DA:10,0
DA:11,0
DA:13,20
DA:14,6
DA:15,6
DA:16,2
DA:17,2
DA:18,4
DA:19,4
DA:20,4
DA:21,6
DA:23,14
DA:24,14
DA:26,1
DA:27,1
DA:28,1
DA:29,1
DA:30,5
DA:31,5
DA:32,5
DA:33,5
DA:34,1
DA:36,1
DA:37,1
DA:38,1
DA:39,1
DA:40,1
DA:41,1
DA:42,1
DA:43,1
DA:44,1
DA:45,1
DA:46,1
DA:47,1
DA:48,1
DA:49,1
DA:50,1
DA:51,1
DA:52,1
DA:53,1
DA:54,1
DA:55,1
DA:56,1
DA:57,1
DA:58,1
DA:59,1
DA:60,1
DA:61,1
DA:62,1
DA:63,1
DA:64,1
DA:65,1
DA:66,1
DA:67,1
DA:68,1
DA:69,1
DA:71,1
DA:72,5
DA:73,5
DA:74,5
DA:75,5
DA:76,5
DA:78,5
DA:79,5
DA:80,5
DA:81,5
DA:82,5
DA:83,5
DA:84,5
DA:85,5
DA:86,5
DA:91,1
DA:92,5
DA:93,5
DA:94,5
DA:95,5
DA:97,5
DA:98,5
DA:99,3
DA:100,3
DA:102,2
DA:103,2
DA:104,2
DA:105,2
DA:107,4
DA:108,1
DA:109,1
DA:111,1
DA:112,1
DA:113,1
DA:114,5
LF:98
LH:96
BRDA:8,0,0,20
BRDA:9,1,0,0
BRDA:13,2,0,6
BRDA:15,3,0,2
BRDA:17,4,0,4
BRDA:21,5,0,14
BRDA:29,6,0,5
BRDA:30,7,0,2
BRDA:32,8,0,6
BRDA:71,9,0,5
BRDA:72,10,0,2
BRDA:72,11,0,3
BRDA:73,12,0,3
BRDA:74,13,0,3
BRDA:75,14,0,4
BRDA:76,15,0,4
BRDA:80,16,0,9
BRDA:91,17,0,5
BRDA:97,18,0,5
BRDA:98,19,0,4
BRDA:98,20,0,3
BRDA:100,21,0,2
BRDA:107,22,0,1
BRDA:109,23,0,1
BRF:24
BRH:23
end_of_record
TN:
SF:src/lib/errors.ts
FN:2,AppError
FNF:1
FNH:1
FNDA:20,AppError
DA:1,1
DA:2,1
DA:3,20
DA:4,20
DA:5,20
DA:6,20
DA:7,20
DA:8,20
DA:9,20
DA:10,1
LF:10
LH:10
BRDA:2,0,0,20
BRF:1
BRH:1
end_of_record
TN:
SF:src/lib/logger.ts
FNF:0
FNH:0
DA:1,1
DA:3,1
DA:4,1
DA:5,1
DA:6,1
DA:7,1
DA:8,1
DA:9,1
DA:10,1
DA:11,1
DA:12,1
DA:13,1
DA:14,1
DA:15,1
DA:16,1
DA:17,1
DA:18,1
DA:19,1
DA:20,1
DA:21,1
DA:22,1
DA:23,1
DA:24,1
DA:25,1
DA:26,1
DA:27,1
DA:28,1
DA:29,1
LF:28
LH:28
BRDA:4,0,0,0
BRDA:7,1,0,0
BRF:2
BRH:0
end_of_record
TN:
SF:src/lib/openaiClient.ts
FN:4,createOpenAI
FNF:1
FNH:1
FNDA:2,createOpenAI
DA:1,1
DA:4,1
DA:5,2
DA:6,2
DA:7,2
DA:8,2
DA:9,2
DA:10,2
LF:8
LH:8
BRDA:4,0,0,2
BRF:1
BRH:1
end_of_record
TN:
SF:src/lib/rateLimiter.ts
FN:3,<instance_members_initializer>
FN:6,SlidingWindowRateLimiter
FN:13,check
FNF:3
FNH:3
FNDA:94,<instance_members_initializer>
FNDA:94,SlidingWindowRateLimiter
FNDA:31,check
DA:1,1
DA:3,1
DA:4,94
DA:6,94
DA:7,94
DA:8,94
DA:9,94
DA:10,94
DA:11,94
DA:13,94
DA:14,31
DA:15,31
DA:16,31
DA:18,31
DA:19,3
DA:20,3
DA:21,3
DA:22,3
DA:23,3
DA:24,3
DA:26,28
DA:27,28
DA:28,31
DA:29,94
LF:24
LH:24
BRDA:3,0,0,94
BRDA:6,1,0,94
BRDA:13,2,0,31
BRDA:16,3,0,27
BRDA:18,4,0,3
BRDA:24,5,0,28
BRDA:16,6,0,5
BRF:7
BRH:7
end_of_record
TN:
SF:src/lib/requestContext.ts
FN:30,resolveRequestId
FN:35,resolveRequestedRegion
FN:50,attachRequestContext
FN:54,getRequestContext
FNF:4
FNH:4
FNDA:20,resolveRequestId
FNDA:18,resolveRequestedRegion
FNDA:15,attachRequestContext
FNDA:23,getRequestContext
DA:1,1
DA:5,1
DA:30,1
DA:31,20
DA:32,20
DA:33,20
DA:35,1
DA:36,18
DA:37,18
DA:38,18
DA:40,18
DA:41,2
DA:42,2
DA:43,2
DA:44,2
DA:45,2
DA:47,16
DA:48,16
DA:50,1
DA:51,15
DA:52,15
DA:54,1
DA:55,23
DA:56,1
DA:57,1
DA:59,22
DA:60,22
LF:27
LH:27
BRDA:30,0,0,20
BRDA:31,1,0,1
BRDA:32,2,0,1
BRDA:32,3,0,19
BRDA:35,4,0,18
BRDA:36,5,0,1
BRDA:37,6,0,5
BRDA:37,7,0,13
BRDA:38,8,0,17
BRDA:38,9,0,13
BRDA:40,10,0,17
BRDA:40,11,0,2
BRDA:45,12,0,16
BRDA:50,13,0,15
BRDA:54,14,0,23
BRDA:55,15,0,22
BRDA:55,16,0,1
BRF:17
BRH:17
end_of_record
TN:
SF:src/lib/retry.ts
FN:11,withRetry
FN:36,defaultShouldRetry
FN:46,extractStatusCode
FNF:3
FNH:3
FNDA:26,withRetry
FNDA:8,defaultShouldRetry
FNDA:8,extractStatusCode
DA:1,1
DA:11,26
DA:12,26
DA:13,26
DA:15,26
DA:16,29
DA:17,29
DA:18,29
DA:19,23
DA:20,29
DA:21,6
DA:22,6
DA:23,6
DA:24,3
DA:25,3
DA:27,6
DA:28,6
DA:29,6
DA:30,3
DA:31,29
DA:33,0
DA:34,0
DA:36,1
DA:37,8
DA:38,8
DA:39,6
DA:40,6
DA:42,8
DA:43,8
DA:44,8
DA:46,8
DA:47,8
DA:48,8
DA:49,4
DA:50,4
DA:52,7
DA:53,8
DA:54,2
DA:55,2
DA:57,2
DA:58,2
LF:41
LH:39
BRDA:11,0,0,26
BRDA:15,1,0,29
BRDA:18,2,0,23
BRDA:20,3,0,6
BRDA:22,4,0,4
BRDA:22,5,0,1
BRDA:22,6,0,3
BRDA:23,7,0,3
BRDA:27,8,0,1
BRDA:28,9,0,2
BRDA:29,10,0,3
BRDA:31,11,0,0
BRDA:36,12,0,8
BRDA:38,13,0,6
BRDA:39,14,0,5
BRDA:40,15,0,2
BRDA:42,16,0,2
BRDA:42,17,0,0
BRDA:43,18,0,0
BRDA:46,19,0,8
BRDA:48,20,0,4
BRDA:50,21,0,7
BRDA:50,22,0,4
BRDA:52,23,0,2
BRDA:53,24,0,2
BRF:25
BRH:22
end_of_record
TN:
SF:src/lib/security.ts
FN:25,base64url
FN:33,signValue
FN:37,decodeBase64url
FN:43,verifySignedToken
FN:76,hashIdentifier
FN:80,createRealtimeTicket
FN:100,verifyRealtimeTicket
FN:110,createSessionToken
FN:133,verifySessionToken
FNF:9
FNH:9
FNDA:57,base64url
FNDA:32,signValue
FNDA:5,decodeBase64url
FNDA:8,verifySignedToken
FNDA:19,hashIdentifier
FNDA:3,createRealtimeTicket
FNDA:4,verifyRealtimeTicket
FNDA:22,createSessionToken
FNDA:4,verifySessionToken
DA:1,1
DA:3,1
DA:25,57
DA:26,57
DA:27,57
DA:28,57
DA:29,57
DA:30,57
DA:31,57
DA:33,32
DA:34,32
DA:35,32
DA:37,5
DA:38,5
DA:39,5
DA:40,5
DA:41,5
DA:43,8
DA:44,8
DA:45,8
DA:46,8
DA:47,8
DA:48,8
DA:49,8
DA:50,8
DA:51,8
DA:52,1
DA:53,1
DA:55,7
DA:56,7
DA:57,7
DA:58,8
DA:59,2
DA:60,2
DA:62,5
DA:63,8
DA:64,0
DA:65,0
DA:66,8
DA:67,1
DA:68,1
DA:69,8
DA:70,0
DA:71,0
DA:73,4
DA:74,4
DA:76,1
DA:77,19
DA:78,19
DA:80,1
DA:81,3
DA:82,3
DA:83,3
DA:84,3
DA:85,3
DA:86,3
DA:87,3
DA:88,3
DA:89,3
DA:90,3
DA:92,3
DA:93,3
DA:94,3
DA:95,3
DA:96,3
DA:97,3
DA:98,3
DA:100,1
DA:101,4
DA:102,4
DA:103,4
DA:104,4
DA:105,4
DA:106,4
DA:107,4
DA:108,4
DA:110,1
DA:111,22
DA:112,22
DA:113,22
DA:114,22
DA:115,22
DA:116,22
DA:117,22
DA:118,22
DA:119,22
DA:120,22
DA:121,22
DA:122,22
DA:124,22
DA:125,22
DA:126,22
DA:127,22
DA:128,22
DA:129,22
DA:130,22
DA:131,22
DA:133,1
DA:134,4
DA:135,4
DA:136,4
DA:137,4
DA:138,4
DA:139,4
DA:140,4
DA:141,4
LF:106
LH:102
BRDA:25,0,0,57
BRDA:33,1,0,32
BRDA:37,2,0,5
BRDA:43,3,0,8
BRDA:51,4,0,7
BRDA:51,5,0,1
BRDA:58,6,0,6
BRDA:58,7,0,2
BRDA:60,8,0,5
BRDA:63,9,0,0
BRDA:65,10,0,5
BRDA:66,11,0,1
BRDA:68,12,0,4
BRDA:69,13,0,0
BRDA:71,14,0,4
BRDA:76,15,0,19
BRDA:80,16,0,3
BRDA:100,17,0,4
BRDA:110,18,0,22
BRDA:133,19,0,4
BRF:20
BRH:18
end_of_record
TN:
SF:src/services/discoveryService.ts
FN:21,enforceFollowUpCap
FN:25,fillMissingSlots
FN:36,normalizeGenerateRequest
FNF:3
FNH:3
FNDA:6,enforceFollowUpCap
FNDA:3,fillMissingSlots
FNDA:2,normalizeGenerateRequest
DA:12,1
DA:13,1
DA:14,1
DA:15,1
DA:16,1
DA:17,1
DA:18,1
DA:19,1
DA:21,1
DA:22,6
DA:23,6
DA:25,1
DA:26,3
DA:27,3
DA:28,3
DA:29,3
DA:30,3
DA:31,3
DA:32,3
DA:33,3
DA:34,3
DA:36,1
DA:37,2
DA:38,2
DA:39,2
DA:40,2
DA:41,2
DA:42,2
DA:43,2
DA:44,2
DA:45,2
DA:47,2
DA:48,2
DA:49,2
DA:50,2
DA:51,2
DA:52,2
DA:53,2
DA:54,2
DA:55,2
DA:56,2
DA:57,2
DA:58,2
DA:59,2
LF:44
LH:44
BRDA:21,0,0,6
BRDA:25,1,0,3
BRDA:27,2,0,1
BRDA:28,3,0,1
BRDA:29,4,0,0
BRDA:30,5,0,2
BRDA:30,6,0,1
BRDA:31,7,0,0
BRDA:32,8,0,2
BRDA:32,9,0,2
BRDA:36,10,0,2
BRF:11
BRH:9
end_of_record
TN:
SF:src/services/embeddingsService.ts
FN:8,EmbeddingsService
FN:10,createEmbeddings
FN:16,retries
FNF:3
FNH:3
FNDA:2,EmbeddingsService
FNDA:2,createEmbeddings
FNDA:2,retries
DA:2,1
DA:5,1
DA:7,1
DA:8,1
DA:10,1
DA:11,2
DA:12,2
DA:14,2
DA:15,2
DA:16,2
DA:17,2
DA:18,2
DA:19,2
DA:20,2
DA:21,2
DA:22,2
DA:23,2
DA:24,2
DA:25,2
DA:26,1
DA:28,2
DA:29,1
DA:30,1
DA:31,1
DA:32,1
DA:33,1
DA:34,1
DA:35,1
DA:36,1
DA:37,1
DA:38,1
DA:39,1
DA:40,1
DA:41,1
DA:43,1
DA:44,1
DA:45,1
DA:46,1
DA:47,1
DA:48,1
DA:49,1
DA:50,1
DA:51,1
DA:52,1
DA:53,1
DA:54,1
DA:55,1
DA:56,1
DA:57,1
DA:58,1
DA:59,1
DA:60,1
DA:61,2
DA:62,1
LF:54
LH:54
BRDA:8,0,0,2
BRDA:10,1,0,2
BRDA:25,2,0,1
BRDA:28,3,0,0
BRDA:28,4,0,1
BRDA:45,5,0,0
BRDA:16,6,0,2
BRDA:43,7,0,2
BRF:8
BRH:6
end_of_record
TN:
SF:src/services/moderationService.ts
FN:9,ModerationService
FN:11,moderateText
FN:17,retries
FN:45,moderateManyText
FN:50,recordUsage
FNF:5
FNH:5
FNDA:2,ModerationService
FNDA:2,moderateText
FNDA:2,retries
FNDA:1,moderateManyText
FNDA:2,recordUsage
DA:2,1
DA:5,1
DA:8,1
DA:9,1
DA:11,1
DA:12,2
DA:13,2
DA:15,2
DA:16,2
DA:17,2
DA:18,2
DA:19,2
DA:20,2
DA:21,2
DA:22,2
DA:23,2
DA:24,2
DA:25,2
DA:26,2
DA:27,2
DA:29,2
DA:30,2
DA:31,2
DA:32,2
DA:34,2
DA:35,2
DA:36,2
DA:37,2
DA:38,2
DA:39,2
DA:40,0
DA:41,0
DA:42,0
DA:43,2
DA:45,1
DA:46,1
DA:47,1
DA:48,1
DA:50,1
DA:51,2
DA:52,0
DA:53,0
DA:55,2
DA:56,2
DA:57,2
DA:58,2
DA:59,2
DA:60,2
DA:61,2
DA:62,2
DA:63,2
DA:64,2
DA:65,2
DA:66,2
DA:67,2
DA:68,1
LF:56
LH:51
BRDA:9,0,0,2
BRDA:11,1,0,2
BRDA:30,2,0,0
BRDA:39,3,0,0
BRDA:17,4,0,2
BRDA:31,5,0,6
BRDA:32,6,0,4
BRDA:45,7,0,1
BRDA:50,8,0,2
BRDA:51,9,0,0
BRDA:51,10,0,0
BRF:11
BRH:7
end_of_record
TN:
SF:src/services/policyService.ts
FN:36,estimateSceneCount
FN:52,maxWordsForDuration
FN:57,containsBannedTheme
FN:62,buildGenerateSystemPrompt
FN:86,buildReviseSystemPrompt
FN:99,safeFallbackStory
FNF:6
FNH:6
FNDA:40,estimateSceneCount
FNDA:7,maxWordsForDuration
FNDA:30,containsBannedTheme
FNDA:7,buildGenerateSystemPrompt
FNDA:6,buildReviseSystemPrompt
FNDA:6,safeFallbackStory
DA:3,1
DA:4,1
DA:5,1
DA:6,1
DA:7,1
DA:8,1
DA:9,1
DA:10,1
DA:11,1
DA:12,1
DA:13,1
DA:14,1
DA:16,1
DA:18,1
DA:19,1
DA:20,1
DA:21,1
DA:22,1
DA:23,1
DA:24,1
DA:25,1
DA:26,1
DA:27,1
DA:28,1
DA:29,1
DA:30,1
DA:31,1
DA:32,1
DA:33,1
DA:34,1
DA:36,1
DA:37,40
DA:38,1
DA:39,1
DA:40,39
DA:41,35
DA:42,35
DA:43,6
DA:44,2
DA:45,2
DA:46,5
DA:47,1
DA:48,1
DA:49,1
DA:50,1
DA:52,1
DA:54,7
DA:55,7
DA:57,1
DA:58,30
DA:59,30
DA:60,30
DA:62,1
DA:63,7
DA:64,7
DA:65,7
DA:66,7
DA:67,0
DA:69,7
DA:70,7
DA:71,7
DA:72,7
DA:73,7
DA:74,7
DA:75,7
DA:76,7
DA:77,7
DA:78,7
DA:79,7
DA:80,7
DA:81,7
DA:82,7
DA:83,7
DA:84,7
DA:86,1
DA:87,6
DA:88,6
DA:89,6
DA:90,6
DA:91,6
DA:92,6
DA:93,6
DA:94,6
DA:95,6
DA:96,6
DA:97,6
DA:99,1
DA:100,6
DA:101,18
DA:102,18
DA:103,6
DA:105,6
DA:106,0
DA:107,0
DA:109,6
DA:110,6
LF:96
LH:93
BRDA:36,0,0,40
BRDA:37,1,0,1
BRDA:39,2,0,39
BRDA:40,3,0,35
BRDA:42,4,0,6
BRDA:42,5,0,4
BRDA:43,6,0,2
BRDA:45,7,0,5
BRDA:45,8,0,2
BRDA:46,9,0,1
BRDA:52,10,0,7
BRDA:57,11,0,30
BRDA:59,12,0,219
BRDA:62,13,0,7
BRDA:66,14,0,0
BRDA:80,15,0,2
BRDA:80,16,0,5
BRDA:86,17,0,6
BRDA:93,18,0,2
BRDA:93,19,0,4
BRDA:99,20,0,6
BRDA:105,21,0,0
BRDA:100,22,0,18
BRF:23
BRH:21
end_of_record
TN:
SF:src/services/realtimeService.ts
FN:15,<instance_members_initializer>
FN:18,RealtimeService
FN:27,issueSessionTicket
FN:51,createCall
FN:59,retries
FN:74,fetchOpenAIAnswerSdp
FN:122,enforceRateLimit
FN:126,recordUsage
FN:145,recordSecurityEvent
FN:161,createMultipartFormData
FNF:10
FNH:10
FNDA:3,<instance_members_initializer>
FNDA:3,RealtimeService
FNDA:3,issueSessionTicket
FNDA:2,createCall
FNDA:2,retries
FNDA:2,fetchOpenAIAnswerSdp
FNDA:5,enforceRateLimit
FNDA:1,recordUsage
FNDA:2,recordSecurityEvent
FNDA:2,createMultipartFormData
DA:2,1
DA:3,1
DA:4,1
DA:6,1
DA:7,1
DA:15,1
DA:16,3
DA:18,3
DA:19,3
DA:20,3
DA:21,3
DA:22,3
DA:23,3
DA:24,3
DA:25,3
DA:27,3
DA:28,3
DA:30,3
DA:31,3
DA:32,3
DA:33,3
DA:34,3
DA:35,3
DA:36,3
DA:37,3
DA:38,3
DA:40,3
DA:42,3
DA:43,3
DA:44,3
DA:45,3
DA:46,3
DA:47,3
DA:48,3
DA:49,3
DA:51,3
DA:52,2
DA:53,2
DA:54,2
DA:55,2
DA:57,2
DA:58,2
DA:59,2
DA:60,2
DA:61,2
DA:62,2
DA:63,2
DA:64,2
DA:65,1
DA:66,1
DA:67,1
DA:68,2
DA:69,0
DA:70,0
DA:71,0
DA:72,2
DA:74,3
DA:75,2
DA:76,2
DA:78,2
DA:79,2
DA:80,2
DA:81,2
DA:82,2
DA:83,2
DA:84,2
DA:85,2
DA:86,2
DA:87,2
DA:88,2
DA:89,2
DA:90,2
DA:91,2
DA:92,2
DA:93,2
DA:94,2
DA:95,2
DA:96,2
DA:97,2
DA:98,2
DA:99,2
DA:100,2
DA:101,2
DA:102,2
DA:103,2
DA:104,2
DA:105,2
DA:106,2
DA:108,2
DA:109,1
DA:110,1
DA:111,1
DA:112,1
DA:113,1
DA:114,1
DA:116,1
DA:117,2
DA:118,2
DA:119,2
DA:120,2
DA:122,3
DA:123,5
DA:124,5
DA:126,3
DA:127,1
DA:128,0
DA:129,0
DA:131,1
DA:132,1
DA:133,1
DA:134,1
DA:135,1
DA:136,1
DA:137,1
DA:138,1
DA:139,1
DA:140,1
DA:141,1
DA:142,1
DA:143,1
DA:145,3
DA:146,2
DA:147,0
DA:148,0
DA:150,2
DA:151,2
DA:152,2
DA:153,2
DA:154,2
DA:155,2
DA:156,2
DA:157,2
DA:158,2
DA:159,3
DA:161,2
DA:162,2
DA:163,2
DA:164,2
DA:165,2
DA:166,2
LF:140
LH:133
BRDA:15,0,0,3
BRDA:18,1,0,3
BRDA:27,2,0,3
BRDA:51,3,0,2
BRDA:64,4,0,1
BRDA:68,5,0,0
BRDA:59,6,0,2
BRDA:74,7,0,2
BRDA:108,8,0,1
BRDA:122,9,0,5
BRDA:126,10,0,1
BRDA:127,11,0,0
BRDA:127,12,0,0
BRDA:145,13,0,2
BRDA:146,14,0,0
BRDA:146,15,0,0
BRDA:161,16,0,2
BRF:17
BRH:12
end_of_record
TN:
SF:src/services/storyContinuityService.ts
FN:92,StoryContinuityService
FN:97,enrichEngine
FN:111,extractContinuity
FN:135,retries
FN:171,recordUsage
FN:191,mergeContinuity
FN:236,fallbackContinuity
FN:267,mergeCharacters
FN:290,buildRelationshipFacts
FN:300,extractPlaces
FN:321,clampSentence
FN:325,uniqueStrings
FN:347,extractOutputText
FNF:13
FNH:13
FNDA:4,StoryContinuityService
FNDA:3,enrichEngine
FNDA:3,extractContinuity
FNDA:3,retries
FNDA:3,recordUsage
FNDA:4,mergeContinuity
FNDA:1,fallbackContinuity
FNDA:4,mergeCharacters
FNDA:1,buildRelationshipFacts
FNDA:1,extractPlaces
FNDA:9,clampSentence
FNDA:40,uniqueStrings
FNDA:2,extractOutputText
DA:2,1
DA:4,1
DA:6,1
DA:15,1
DA:16,1
DA:17,1
DA:18,1
DA:19,1
DA:20,1
DA:21,1
DA:22,1
DA:23,1
DA:24,1
DA:25,1
DA:26,1
DA:27,1
DA:28,1
DA:29,1
DA:30,1
DA:31,1
DA:32,1
DA:33,1
DA:34,1
DA:35,1
DA:36,1
DA:37,1
DA:38,1
DA:39,1
DA:40,1
DA:41,1
DA:42,1
DA:43,1
DA:44,1
DA:45,1
DA:46,1
DA:47,1
DA:48,1
DA:49,1
DA:50,1
DA:51,1
DA:52,1
DA:53,1
DA:54,1
DA:55,1
DA:56,1
DA:57,1
DA:58,1
DA:59,1
DA:60,1
DA:61,1
DA:62,1
DA:63,1
DA:64,1
DA:65,1
DA:66,1
DA:67,1
DA:68,1
DA:69,1
DA:70,1
DA:71,1
DA:72,1
DA:73,1
DA:74,1
DA:75,1
DA:76,1
DA:77,1
DA:91,1
DA:92,1
DA:93,4
DA:94,4
DA:95,4
DA:97,1
DA:98,3
DA:99,3
DA:100,3
DA:101,3
DA:102,3
DA:103,3
DA:104,3
DA:105,2
DA:106,2
DA:107,1
DA:108,1
DA:109,3
DA:111,1
DA:112,3
DA:113,3
DA:114,3
DA:115,3
DA:116,3
DA:117,3
DA:118,3
DA:119,3
DA:120,3
DA:121,3
DA:122,3
DA:124,3
DA:125,3
DA:126,3
DA:127,3
DA:128,3
DA:130,3
DA:131,3
DA:133,3
DA:134,3
DA:135,3
DA:136,3
DA:137,3
DA:138,3
DA:139,3
DA:140,3
DA:141,3
DA:142,3
DA:143,3
DA:144,3
DA:145,3
DA:146,3
DA:147,3
DA:148,3
DA:149,3
DA:150,3
DA:151,3
DA:152,3
DA:153,3
DA:154,3
DA:155,3
DA:156,2
DA:158,2
DA:159,2
DA:160,2
DA:161,0
DA:162,0
DA:164,2
DA:165,2
DA:166,1
DA:167,1
DA:168,1
DA:169,3
DA:171,1
DA:172,3
DA:173,0
DA:174,0
DA:176,3
DA:177,3
DA:178,3
DA:179,3
DA:180,3
DA:181,3
DA:182,3
DA:183,3
DA:184,3
DA:185,3
DA:186,3
DA:187,3
DA:188,3
DA:189,1
DA:191,1
DA:192,4
DA:193,4
DA:194,4
DA:195,4
DA:196,4
DA:197,4
DA:198,4
DA:199,4
DA:200,4
DA:201,4
DA:202,4
DA:203,4
DA:204,4
DA:205,4
DA:206,4
DA:207,4
DA:208,4
DA:209,4
DA:210,4
DA:211,4
DA:212,4
DA:213,4
DA:214,4
DA:215,4
DA:217,4
DA:218,4
DA:219,4
DA:220,4
DA:221,4
DA:222,4
DA:223,4
DA:224,4
DA:225,4
DA:226,4
DA:228,4
DA:229,4
DA:230,4
DA:231,4
DA:232,4
DA:233,4
DA:234,4
DA:236,1
DA:237,1
DA:238,1
DA:239,1
DA:240,1
DA:241,1
DA:242,1
DA:243,1
DA:244,1
DA:245,1
DA:246,1
DA:248,1
DA:249,1
DA:250,1
DA:251,1
DA:252,1
DA:253,1
DA:254,1
DA:255,1
DA:256,1
DA:257,1
DA:258,1
DA:259,1
DA:260,1
DA:261,1
DA:262,1
DA:263,1
DA:264,1
DA:265,1
DA:267,4
DA:268,4
DA:269,4
DA:270,4
DA:271,4
DA:273,4
DA:274,12
DA:275,12
DA:276,0
DA:277,0
DA:279,12
DA:280,12
DA:281,12
DA:282,12
DA:283,12
DA:284,12
DA:285,12
DA:287,4
DA:288,4
DA:290,1
DA:291,1
DA:292,0
DA:293,0
DA:295,1
DA:296,1
DA:297,1
DA:298,1
DA:300,1
DA:301,1
DA:302,1
DA:303,1
DA:304,1
DA:305,1
DA:306,1
DA:307,1
DA:308,1
DA:309,1
DA:310,1
DA:311,1
DA:312,1
DA:313,1
DA:314,1
DA:316,1
DA:317,1
DA:318,1
DA:319,1
DA:321,9
DA:322,9
DA:323,9
DA:325,40
DA:326,40
DA:327,40
DA:329,40
DA:330,122
DA:331,122
DA:332,0
DA:333,0
DA:335,122
DA:336,122
DA:337,18
DA:338,18
DA:340,104
DA:341,104
DA:342,104
DA:344,40
DA:345,40
DA:347,2
DA:348,2
DA:349,1
DA:350,1
DA:352,1
DA:353,0
DA:354,0
DA:356,1
DA:357,1
DA:358,1
DA:359,0
DA:360,0
DA:361,1
DA:362,1
DA:363,1
DA:364,1
DA:365,1
DA:366,1
DA:368,1
DA:369,1
LF:313
LH:299
BRDA:92,0,0,4
BRDA:97,1,0,3
BRDA:104,2,0,2
BRDA:106,3,0,1
BRDA:111,4,0,3
BRDA:155,5,0,2
BRDA:160,6,0,0
BRDA:165,7,0,1
BRDA:135,8,0,3
BRDA:171,9,0,3
BRDA:172,10,0,0
BRDA:172,11,0,0
BRDA:191,12,0,4
BRDA:213,13,0,0
BRDA:214,14,0,3
BRDA:214,15,0,1
BRDA:218,16,0,0
BRDA:223,17,0,0
BRDA:224,18,0,3
BRDA:224,19,0,1
BRDA:200,20,0,7
BRDA:221,21,0,5
BRDA:222,22,0,3
BRDA:225,23,0,7
BRDA:236,24,0,1
BRDA:244,25,0,0
BRDA:245,26,0,0
BRDA:255,27,0,0
BRDA:241,28,0,2
BRDA:253,29,0,2
BRDA:261,30,0,2
BRDA:267,31,0,4
BRDA:273,32,0,12
BRDA:275,33,0,0
BRDA:282,34,0,0
BRDA:282,35,0,0
BRDA:283,36,0,5
BRDA:283,37,0,7
BRDA:290,38,0,1
BRDA:291,39,0,0
BRDA:296,40,0,1
BRDA:300,41,0,1
BRDA:317,42,0,11
BRDA:321,43,0,9
BRDA:325,44,0,40
BRDA:329,45,0,122
BRDA:331,46,0,0
BRDA:336,47,0,18
BRDA:338,48,0,104
BRDA:347,49,0,2
BRDA:348,50,0,1
BRDA:348,51,0,1
BRDA:352,52,0,0
BRDA:358,53,0,0
BRF:54
BRH:38
end_of_record
TN:
SF:src/services/storyDiscoveryService.ts
FN:67,StoryDiscoveryService
FN:73,analyzeTurn
FN:148,extractDiscoveryState
FN:176,retries
FN:212,recordUsage
FN:232,normalizeDiscoverySlotState
FN:247,mergeDiscoverySlotState
FN:264,missingDiscoverySlots
FN:275,defaultEpisodeIntentForMode
FN:283,buildFallbackQuestionForSlot
FN:307,buildFollowUpQuestion
FN:321,sanitizeNextFocusSlot
FN:332,sanitizeCharacters
FN:345,sanitizeString
FN:350,extractOutputText
FNF:15
FNH:15
FNDA:6,StoryDiscoveryService
FNDA:5,analyzeTurn
FNDA:3,extractDiscoveryState
FNDA:3,retries
FNDA:4,recordUsage
FNDA:11,normalizeDiscoverySlotState
FNDA:4,mergeDiscoverySlotState
FNDA:4,missingDiscoverySlots
FNDA:11,defaultEpisodeIntentForMode
FNDA:11,buildFallbackQuestionForSlot
FNDA:2,buildFollowUpQuestion
FNDA:2,sanitizeNextFocusSlot
FNDA:15,sanitizeCharacters
FNDA:60,sanitizeString
FNDA:3,extractOutputText
DA:2,1
DA:4,1
DA:6,1
DA:8,1
DA:11,1
DA:12,1
DA:13,1
DA:14,1
DA:15,1
DA:16,1
DA:17,1
DA:29,1
DA:30,1
DA:31,1
DA:32,1
DA:33,1
DA:34,1
DA:35,1
DA:36,1
DA:37,1
DA:38,1
DA:39,1
DA:40,1
DA:41,1
DA:42,1
DA:43,1
DA:44,1
DA:45,1
DA:46,1
DA:47,1
DA:48,1
DA:49,1
DA:50,1
DA:51,1
DA:52,1
DA:53,1
DA:54,1
DA:55,1
DA:56,1
DA:57,1
DA:66,1
DA:67,1
DA:68,6
DA:69,6
DA:70,6
DA:71,6
DA:73,1
DA:74,5
DA:75,5
DA:76,5
DA:78,5
DA:79,1
DA:80,1
DA:81,1
DA:82,1
DA:83,1
DA:84,1
DA:85,1
DA:86,1
DA:87,1
DA:88,1
DA:89,1
DA:90,1
DA:92,4
DA:93,5
DA:94,1
DA:95,1
DA:96,1
DA:97,1
DA:98,1
DA:99,1
DA:100,1
DA:101,1
DA:102,1
DA:103,1
DA:104,1
DA:106,3
DA:107,3
DA:108,3
DA:109,3
DA:110,3
DA:111,3
DA:112,3
DA:114,2
DA:115,2
DA:117,5
DA:118,0
DA:119,0
DA:120,0
DA:121,0
DA:122,0
DA:123,0
DA:124,0
DA:125,0
DA:126,0
DA:127,0
DA:128,0
DA:130,2
DA:131,2
DA:132,2
DA:133,2
DA:134,2
DA:135,2
DA:136,2
DA:137,2
DA:138,2
DA:139,2
DA:140,2
DA:141,2
DA:142,2
DA:143,2
DA:144,2
DA:145,2
DA:146,5
DA:148,1
DA:149,3
DA:150,3
DA:151,3
DA:152,3
DA:153,3
DA:154,3
DA:155,3
DA:156,3
DA:157,3
DA:158,3
DA:159,3
DA:160,3
DA:161,3
DA:163,3
DA:164,3
DA:165,3
DA:166,3
DA:167,3
DA:168,3
DA:169,3
DA:171,3
DA:172,3
DA:174,3
DA:175,3
DA:176,3
DA:177,3
DA:178,3
DA:179,3
DA:180,3
DA:181,3
DA:182,3
DA:183,3
DA:184,3
DA:185,3
DA:186,3
DA:187,3
DA:188,3
DA:189,3
DA:190,3
DA:191,3
DA:192,3
DA:193,3
DA:194,3
DA:195,3
DA:196,3
DA:197,3
DA:199,3
DA:200,3
DA:201,3
DA:202,1
DA:203,1
DA:205,2
DA:206,2
DA:207,1
DA:208,1
DA:209,1
DA:210,3
DA:212,1
DA:213,4
DA:214,0
DA:215,0
DA:217,4
DA:218,4
DA:219,4
DA:220,4
DA:221,4
DA:222,4
DA:223,4
DA:224,4
DA:225,4
DA:226,4
DA:227,4
DA:228,4
DA:229,4
DA:230,1
DA:232,1
DA:233,11
DA:234,11
DA:235,11
DA:236,11
DA:237,11
DA:238,11
DA:239,11
DA:240,11
DA:241,11
DA:242,11
DA:244,11
DA:245,11
DA:247,1
DA:248,4
DA:249,4
DA:250,4
DA:251,4
DA:252,4
DA:253,4
DA:254,4
DA:255,4
DA:256,4
DA:257,4
DA:258,4
DA:259,4
DA:260,4
DA:261,4
DA:262,4
DA:264,1
DA:265,4
DA:266,20
DA:267,4
DA:268,4
DA:270,16
DA:271,20
DA:272,4
DA:273,4
DA:275,1
DA:276,11
DA:277,3
DA:278,3
DA:280,8
DA:281,8
DA:283,1
DA:284,11
DA:285,11
DA:286,11
DA:287,11
DA:288,11
DA:289,11
DA:290,2
DA:291,1
DA:292,1
DA:293,11
DA:294,1
DA:295,11
DA:296,2
DA:297,11
DA:298,2
DA:299,11
DA:300,4
DA:301,3
DA:302,3
DA:303,1
DA:304,11
DA:305,11
DA:307,2
DA:308,2
DA:309,2
DA:310,2
DA:311,2
DA:312,2
DA:313,2
DA:314,2
DA:315,0
DA:316,0
DA:318,2
DA:319,2
DA:321,2
DA:322,2
DA:323,2
DA:324,2
DA:325,2
DA:326,1
DA:327,1
DA:329,1
DA:330,1
DA:332,15
DA:333,15
DA:334,15
DA:335,15
DA:336,15
DA:338,15
DA:339,11
DA:340,11
DA:342,4
DA:343,4
DA:345,60
DA:346,60
DA:347,60
DA:348,60
DA:350,3
DA:351,3
DA:352,1
DA:353,1
DA:355,2
DA:356,0
DA:357,0
DA:359,2
DA:360,2
DA:361,1
DA:362,0
DA:363,0
DA:364,1
DA:365,1
DA:366,1
DA:367,1
DA:368,1
DA:369,1
DA:371,2
DA:372,2
LF:312
LH:293
BRDA:67,0,0,6
BRDA:73,1,0,5
BRDA:78,2,0,4
BRDA:78,3,0,1
BRDA:93,4,0,1
BRDA:104,5,0,4
BRDA:104,6,0,3
BRDA:112,7,0,2
BRDA:117,8,0,0
BRDA:128,9,0,2
BRDA:148,10,0,3
BRDA:201,11,0,2
BRDA:201,12,0,1
BRDA:206,13,0,1
BRDA:176,14,0,3
BRDA:212,15,0,4
BRDA:213,16,0,0
BRDA:213,17,0,0
BRDA:232,18,0,11
BRDA:238,19,0,2
BRDA:241,20,0,10
BRDA:247,21,0,4
BRDA:254,22,0,2
BRDA:255,23,0,1
BRDA:256,24,0,1
BRDA:257,25,0,0
BRDA:264,26,0,4
BRDA:265,27,0,20
BRDA:266,28,0,4
BRDA:268,29,0,16
BRDA:271,30,0,9
BRDA:275,31,0,11
BRDA:276,32,0,3
BRDA:278,33,0,8
BRDA:283,34,0,11
BRDA:289,35,0,2
BRDA:290,36,0,1
BRDA:291,37,0,1
BRDA:293,38,0,1
BRDA:295,39,0,2
BRDA:297,40,0,2
BRDA:299,41,0,4
BRDA:300,42,0,2
BRDA:300,43,0,1
BRDA:300,44,0,3
BRDA:302,45,0,1
BRDA:307,46,0,2
BRDA:314,47,0,0
BRDA:313,48,0,24
BRDA:321,49,0,2
BRDA:325,50,0,1
BRDA:332,51,0,15
BRDA:338,52,0,11
BRDA:340,53,0,4
BRDA:334,54,0,15
BRDA:345,55,0,60
BRDA:346,56,0,31
BRDA:347,57,0,29
BRDA:347,58,0,31
BRDA:350,59,0,3
BRDA:351,60,0,1
BRDA:351,61,0,1
BRDA:353,62,0,2
BRDA:355,63,0,0
BRDA:360,64,0,1
BRDA:361,65,0,0
BRF:66
BRH:59
end_of_record
TN:
SF:src/services/storyPlannerService.ts
FN:90,buildStoryPlan
FN:112,buildRevisionPlan
FN:144,evaluateStoryQuality
FN:203,buildEngineMetadata
FN:223,buildSeriesMemory
FN:301,buildCharacterBible
FN:320,buildEpisodeRecap
FN:329,buildBeatPlan
FN:368,buildBeatPurpose
FN:405,beatLabelsForCount
FN:414,distributeDurations
FN:427,countRepeatedPhrases
FN:449,summarizeScenes
FN:461,summarizeSettingHint
FN:467,inferToneFromText
FN:484,traitsForTone
FN:501,extractCharactersFromScenes
FN:516,extractKeywords
FN:525,splitIntoSentences
FN:532,normalizePhrase
FN:536,cleanFactValue
FN:541,clampSentence
FN:545,uniqueStrings
FNF:23
FNH:23
FNDA:14,buildStoryPlan
FNDA:6,buildRevisionPlan
FNDA:15,evaluateStoryQuality
FNDA:7,buildEngineMetadata
FNDA:20,buildSeriesMemory
FNDA:20,buildCharacterBible
FNDA:14,buildEpisodeRecap
FNDA:20,buildBeatPlan
FNDA:73,buildBeatPurpose
FNDA:20,beatLabelsForCount
FNDA:20,distributeDurations
FNDA:15,countRepeatedPhrases
FNDA:6,summarizeScenes
FNDA:6,summarizeSettingHint
FNDA:12,inferToneFromText
FNDA:20,traitsForTone
FNDA:6,extractCharactersFromScenes
FNDA:7,extractKeywords
FNDA:41,splitIntoSentences
FNDA:54,normalizePhrase
FNDA:25,cleanFactValue
FNDA:277,clampSentence
FNDA:121,uniqueStrings
DA:12,1
DA:14,1
DA:15,1
DA:16,1
DA:17,1
DA:18,1
DA:19,1
DA:20,1
DA:22,1
DA:23,1
DA:24,1
DA:25,1
DA:26,1
DA:27,1
DA:28,1
DA:29,1
DA:30,1
DA:31,1
DA:32,1
DA:33,1
DA:34,1
DA:35,1
DA:36,1
DA:37,1
DA:38,1
DA:39,1
DA:40,1
DA:41,1
DA:42,1
DA:43,1
DA:44,1
DA:45,1
DA:46,1
DA:47,1
DA:48,1
DA:50,1
DA:51,1
DA:52,1
DA:53,1
DA:54,1
DA:55,1
DA:56,1
DA:57,1
DA:58,1
DA:59,1
DA:60,1
DA:61,1
DA:62,1
DA:63,1
DA:90,1
DA:91,14
DA:92,14
DA:93,14
DA:94,14
DA:95,14
DA:96,14
DA:97,14
DA:98,14
DA:99,14
DA:100,14
DA:101,14
DA:102,14
DA:104,14
DA:105,14
DA:106,14
DA:107,14
DA:108,14
DA:109,14
DA:110,14
DA:112,1
DA:113,6
DA:114,6
DA:115,6
DA:116,6
DA:117,6
DA:118,6
DA:119,6
DA:120,6
DA:121,6
DA:122,6
DA:123,6
DA:124,6
DA:125,6
DA:126,6
DA:128,6
DA:129,6
DA:130,6
DA:131,6
DA:132,6
DA:133,6
DA:134,6
DA:135,6
DA:136,6
DA:137,6
DA:138,6
DA:139,6
DA:140,6
DA:141,6
DA:142,6
DA:144,1
DA:145,15
DA:146,15
DA:147,15
DA:148,15
DA:149,15
DA:150,15
DA:151,15
DA:153,15
DA:154,5
DA:155,5
DA:157,15
DA:158,15
DA:159,4
DA:160,4
DA:162,15
DA:163,15
DA:164,15
DA:165,2
DA:166,2
DA:167,15
DA:169,15
DA:170,15
DA:171,8
DA:172,8
DA:174,15
DA:175,15
DA:176,0
DA:177,0
DA:179,15
DA:180,15
DA:181,2
DA:182,2
DA:184,15
DA:185,7
DA:186,7
DA:187,7
DA:188,7
DA:189,1
DA:190,1
DA:191,7
DA:192,7
DA:194,15
DA:195,15
DA:196,15
DA:197,15
DA:198,15
DA:199,15
DA:200,15
DA:201,15
DA:203,1
DA:204,7
DA:205,7
DA:206,7
DA:207,7
DA:208,7
DA:209,7
DA:210,7
DA:211,7
DA:212,7
DA:213,7
DA:214,7
DA:215,7
DA:216,7
DA:217,7
DA:218,7
DA:219,7
DA:220,7
DA:221,7
DA:223,20
DA:224,20
DA:225,20
DA:226,20
DA:227,20
DA:228,20
DA:229,20
DA:230,20
DA:231,20
DA:232,20
DA:234,20
DA:235,25
DA:236,25
DA:237,0
DA:238,0
DA:240,25
DA:241,1
DA:242,1
DA:243,1
DA:245,25
DA:246,8
DA:247,16
DA:248,16
DA:249,16
DA:250,16
DA:251,16
DA:252,8
DA:253,8
DA:255,23
DA:256,8
DA:257,8
DA:258,8
DA:260,20
DA:261,2
DA:262,2
DA:263,2
DA:265,11
DA:266,4
DA:267,4
DA:268,4
DA:270,8
DA:271,1
DA:272,1
DA:273,1
DA:275,1
DA:276,1
DA:277,1
DA:278,1
DA:280,0
DA:281,0
DA:282,0
DA:283,0
DA:285,0
DA:286,0
DA:288,20
DA:289,20
DA:290,20
DA:291,20
DA:292,20
DA:293,20
DA:294,20
DA:295,20
DA:296,20
DA:297,20
DA:298,20
DA:299,20
DA:301,20
DA:302,20
DA:303,20
DA:304,20
DA:305,20
DA:306,20
DA:307,20
DA:309,20
DA:310,47
DA:311,47
DA:312,47
DA:313,47
DA:314,20
DA:315,27
DA:316,47
DA:317,20
DA:318,20
DA:320,14
DA:321,14
DA:322,11
DA:323,11
DA:325,14
DA:326,14
DA:327,14
DA:329,20
DA:337,20
DA:338,20
DA:339,20
DA:340,20
DA:342,20
DA:343,73
DA:344,73
DA:345,73
DA:346,73
DA:347,73
DA:349,73
DA:350,73
DA:351,73
DA:352,73
DA:353,73
DA:354,73
DA:355,73
DA:356,73
DA:357,73
DA:358,73
DA:359,73
DA:360,73
DA:361,73
DA:362,73
DA:363,73
DA:364,73
DA:365,20
DA:366,20
DA:368,73
DA:377,73
DA:378,73
DA:379,20
DA:380,20
DA:381,20
DA:382,20
DA:383,20
DA:385,73
DA:386,20
DA:387,20
DA:388,20
DA:389,20
DA:390,20
DA:392,73
DA:393,3
DA:394,3
DA:395,3
DA:396,3
DA:397,3
DA:399,30
DA:400,30
DA:401,30
DA:402,30
DA:403,30
DA:405,20
DA:406,20
DA:407,14
DA:408,14
DA:410,6
DA:411,6
DA:412,6
DA:414,20
DA:415,20
DA:416,20
DA:417,20
DA:419,20
DA:420,20
DA:421,20
DA:423,0
DA:424,0
DA:425,0
DA:427,15
DA:428,15
DA:430,15
DA:431,54
DA:432,54
DA:433,0
DA:434,0
DA:436,54
DA:437,54
DA:439,15
DA:440,15
DA:441,50
DA:442,2
DA:443,2
DA:444,50
DA:446,15
DA:447,15
DA:449,6
DA:450,6
DA:451,1
DA:452,1
DA:454,5
DA:455,5
DA:456,5
DA:458,5
DA:459,5
DA:461,6
DA:462,6
DA:463,6
DA:464,6
DA:465,6
DA:467,12
DA:468,12
DA:469,12
DA:470,8
DA:471,8
DA:472,6
DA:473,2
DA:474,2
DA:475,12
DA:476,0
DA:477,0
DA:478,12
DA:479,0
DA:480,0
DA:481,2
DA:482,2
DA:484,20
DA:485,20
DA:486,20
DA:487,4
DA:488,4
DA:489,20
DA:490,1
DA:491,1
DA:492,20
DA:493,0
DA:494,0
DA:495,18
DA:496,1
DA:497,1
DA:498,14
DA:499,14
DA:501,6
DA:502,6
DA:503,6
DA:504,6
DA:505,6
DA:507,6
DA:508,28
DA:509,28
DA:510,28
DA:511,28
DA:513,6
DA:514,6
DA:516,7
DA:517,7
DA:518,7
DA:519,7
DA:520,7
DA:521,7
DA:522,7
DA:523,7
DA:525,41
DA:526,41
DA:527,41
DA:528,41
DA:529,41
DA:530,41
DA:532,54
DA:533,54
DA:534,54
DA:536,25
DA:537,25
DA:538,25
DA:539,25
DA:541,277
DA:542,277
DA:543,277
DA:545,121
DA:546,121
DA:547,121
DA:549,121
DA:550,295
DA:551,295
DA:552,0
DA:553,0
DA:554,295
DA:555,295
DA:556,43
DA:557,43
DA:558,252
DA:559,252
DA:560,252
DA:562,121
DA:563,121
LF:445
LH:422
BRDA:90,0,0,14
BRDA:112,1,0,6
BRDA:115,2,0,5
BRDA:115,3,0,1
BRDA:125,4,0,15
BRDA:144,5,0,15
BRDA:153,6,0,5
BRDA:158,7,0,4
BRDA:164,8,0,2
BRDA:169,9,0,0
BRDA:170,10,0,8
BRDA:175,11,0,0
BRDA:180,12,0,2
BRDA:184,13,0,7
BRDA:184,14,0,7
BRDA:188,15,0,1
BRDA:188,16,0,1
BRDA:151,17,0,41
BRDA:179,18,0,41
BRDA:180,19,0,158
BRDA:187,20,0,40
BRDA:203,21,0,7
BRDA:213,22,0,0
BRDA:214,23,0,0
BRDA:215,24,0,0
BRDA:216,25,0,0
BRDA:217,26,0,0
BRDA:223,27,0,20
BRDA:234,28,0,25
BRDA:236,29,0,0
BRDA:240,30,0,1
BRDA:243,31,0,24
BRDA:245,32,0,8
BRDA:246,33,0,16
BRDA:253,34,0,23
BRDA:253,35,0,16
BRDA:255,36,0,8
BRDA:258,37,0,20
BRDA:258,38,0,8
BRDA:260,39,0,2
BRDA:263,40,0,11
BRDA:263,41,0,6
BRDA:265,42,0,4
BRDA:268,43,0,8
BRDA:268,44,0,2
BRDA:270,45,0,1
BRDA:278,46,0,0
BRDA:301,47,0,20
BRDA:309,48,0,47
BRDA:311,49,0,20
BRDA:311,50,0,27
BRDA:311,51,0,8
BRDA:311,52,0,19
BRDA:313,53,0,20
BRDA:314,54,0,27
BRDA:320,55,0,14
BRDA:321,56,0,13
BRDA:321,57,0,11
BRDA:323,58,0,4
BRDA:323,59,0,3
BRDA:325,60,0,1
BRDA:325,61,0,2
BRDA:329,62,0,20
BRDA:342,63,0,73
BRDA:345,64,0,0
BRDA:368,65,0,73
BRDA:378,66,0,20
BRDA:383,67,0,53
BRDA:385,68,0,20
BRDA:390,69,0,33
BRDA:392,70,0,15
BRDA:392,71,0,3
BRDA:397,72,0,30
BRDA:405,73,0,20
BRDA:406,74,0,14
BRDA:408,75,0,6
BRDA:414,76,0,20
BRDA:415,77,0,6
BRDA:421,78,0,0
BRDA:416,79,0,73
BRDA:417,80,0,73
BRDA:427,81,0,15
BRDA:430,82,0,54
BRDA:432,83,0,0
BRDA:436,84,0,50
BRDA:440,85,0,50
BRDA:441,86,0,2
BRDA:430,87,0,41
BRDA:449,88,0,6
BRDA:450,89,0,5
BRDA:450,90,0,1
BRDA:456,91,0,9
BRDA:461,92,0,6
BRDA:464,93,0,0
BRDA:462,94,0,24
BRDA:464,95,0,8
BRDA:467,96,0,12
BRDA:469,97,0,4
BRDA:469,98,0,10
BRDA:469,99,0,8
BRDA:471,100,0,6
BRDA:471,101,0,4
BRDA:472,102,0,2
BRDA:474,103,0,2
BRDA:475,104,0,2
BRDA:475,105,0,4
BRDA:475,106,0,0
BRDA:477,107,0,2
BRDA:478,108,0,4
BRDA:478,109,0,0
BRDA:480,110,0,2
BRDA:484,111,0,20
BRDA:486,112,0,16
BRDA:486,113,0,4
BRDA:488,114,0,16
BRDA:489,115,0,1
BRDA:491,116,0,15
BRDA:492,117,0,15
BRDA:492,118,0,0
BRDA:494,119,0,18
BRDA:494,120,0,15
BRDA:495,121,0,1
BRDA:497,122,0,14
BRDA:501,123,0,6
BRDA:507,124,0,28
BRDA:504,125,0,24
BRDA:504,126,0,0
BRDA:516,127,0,7
BRDA:521,128,0,103
BRDA:521,129,0,40
BRDA:525,130,0,41
BRDA:528,131,0,54
BRDA:532,132,0,54
BRDA:536,133,0,25
BRDA:541,134,0,277
BRDA:545,135,0,121
BRDA:549,136,0,295
BRDA:551,137,0,0
BRDA:555,138,0,43
BRDA:557,139,0,252
BRF:140
BRH:122
end_of_record
TN:
SF:src/services/storyService.ts
FN:92,StoryService
FN:99,generateStory
FN:233,reviseStory
FN:367,generateStoryFromModel
FN:397,retries
FN:433,reviseRemainingScenesFromModel
FN:455,retries
FN:496,recordUsage
FN:521,toGenerateResponse
FN:541,inputNarrative
FN:554,extractOutputText
FN:578,normalizeStory
FNF:12
FNH:12
FNDA:11,StoryService
FNDA:5,generateStory
FNDA:4,reviseStory
FNDA:7,generateStoryFromModel
FNDA:7,retries
FNDA:6,reviseRemainingScenesFromModel
FNDA:6,retries
FNDA:17,recordUsage
FNDA:4,toGenerateResponse
FNDA:5,inputNarrative
FNDA:13,extractOutputText
FNDA:5,normalizeStory
DA:2,1
DA:3,1
DA:5,1
DA:7,1
DA:16,1
DA:17,1
DA:25,1
DA:34,1
DA:35,1
DA:36,1
DA:37,1
DA:38,1
DA:39,1
DA:40,1
DA:41,1
DA:42,1
DA:43,1
DA:44,1
DA:45,1
DA:46,1
DA:47,1
DA:48,1
DA:49,1
DA:50,1
DA:51,1
DA:52,1
DA:53,1
DA:54,1
DA:55,1
DA:57,1
DA:58,1
DA:59,1
DA:60,1
DA:61,1
DA:62,1
DA:63,1
DA:64,1
DA:65,1
DA:66,1
DA:67,1
DA:68,1
DA:69,1
DA:70,1
DA:71,1
DA:72,1
DA:73,1
DA:74,1
DA:75,1
DA:76,1
DA:77,1
DA:91,1
DA:92,1
DA:93,11
DA:94,11
DA:95,11
DA:96,11
DA:97,11
DA:99,1
DA:100,5
DA:101,5
DA:102,5
DA:103,5
DA:104,5
DA:105,5
DA:106,5
DA:107,5
DA:108,5
DA:109,5
DA:110,5
DA:112,5
DA:113,1
DA:114,1
DA:115,1
DA:116,1
DA:117,1
DA:118,1
DA:119,1
DA:120,1
DA:121,1
DA:122,1
DA:123,1
DA:124,1
DA:125,1
DA:126,1
DA:127,1
DA:128,1
DA:129,1
DA:130,1
DA:131,1
DA:132,1
DA:134,4
DA:135,5
DA:136,1
DA:137,1
DA:138,1
DA:139,1
DA:140,1
DA:141,1
DA:142,1
DA:143,1
DA:144,1
DA:145,1
DA:146,1
DA:147,1
DA:148,1
DA:149,1
DA:150,1
DA:151,1
DA:152,1
DA:153,1
DA:154,1
DA:155,1
DA:157,3
DA:158,4
DA:159,5
DA:160,4
DA:161,4
DA:162,4
DA:163,4
DA:164,4
DA:165,4
DA:166,4
DA:167,1
DA:168,1
DA:169,1
DA:170,1
DA:172,0
DA:173,0
DA:174,0
DA:175,0
DA:176,0
DA:177,0
DA:178,0
DA:179,0
DA:180,0
DA:181,0
DA:182,0
DA:183,0
DA:184,0
DA:185,0
DA:186,0
DA:187,0
DA:188,0
DA:189,0
DA:190,0
DA:191,0
DA:193,3
DA:194,4
DA:195,1
DA:196,1
DA:197,1
DA:198,1
DA:199,1
DA:200,1
DA:201,1
DA:202,1
DA:203,1
DA:204,1
DA:205,1
DA:206,1
DA:207,1
DA:208,1
DA:209,1
DA:210,5
DA:212,3
DA:213,3
DA:214,3
DA:215,3
DA:216,3
DA:217,3
DA:218,3
DA:219,3
DA:220,3
DA:221,3
DA:222,3
DA:223,3
DA:224,3
DA:225,3
DA:226,3
DA:227,3
DA:228,3
DA:229,3
DA:230,3
DA:231,5
DA:233,1
DA:234,4
DA:235,4
DA:236,4
DA:237,4
DA:238,4
DA:239,4
DA:241,4
DA:242,4
DA:243,1
DA:244,1
DA:245,1
DA:246,1
DA:247,1
DA:248,1
DA:249,1
DA:250,1
DA:251,1
DA:252,1
DA:253,1
DA:254,1
DA:255,1
DA:256,1
DA:257,1
DA:258,1
DA:259,1
DA:260,1
DA:261,1
DA:262,1
DA:263,1
DA:264,1
DA:265,1
DA:267,3
DA:268,3
DA:269,5
DA:270,5
DA:271,5
DA:272,5
DA:273,5
DA:274,5
DA:275,5
DA:276,4
DA:277,5
DA:278,5
DA:279,5
DA:280,5
DA:281,5
DA:282,5
DA:283,3
DA:284,3
DA:285,2
DA:286,2
DA:288,1
DA:289,1
DA:290,1
DA:291,1
DA:292,1
DA:293,1
DA:294,1
DA:295,1
DA:296,1
DA:297,1
DA:298,1
DA:299,1
DA:300,1
DA:301,1
DA:302,3
DA:303,3
DA:304,3
DA:305,3
DA:306,3
DA:307,3
DA:308,3
DA:309,3
DA:310,3
DA:312,1
DA:313,1
DA:314,1
DA:315,1
DA:316,1
DA:317,1
DA:318,1
DA:319,1
DA:320,1
DA:321,1
DA:322,1
DA:323,1
DA:324,1
DA:325,1
DA:326,1
DA:327,1
DA:328,1
DA:329,1
DA:330,1
DA:331,1
DA:332,1
DA:333,1
DA:334,1
DA:335,1
DA:336,1
DA:338,0
DA:339,0
DA:340,0
DA:341,5
DA:343,2
DA:344,2
DA:345,2
DA:346,2
DA:347,2
DA:348,2
DA:349,2
DA:350,2
DA:351,2
DA:352,2
DA:353,2
DA:354,2
DA:355,2
DA:356,2
DA:357,4
DA:358,4
DA:359,4
DA:360,4
DA:361,4
DA:362,4
DA:363,4
DA:364,4
DA:365,4
DA:367,1
DA:368,7
DA:369,7
DA:370,7
DA:371,7
DA:372,7
DA:373,7
DA:374,7
DA:375,7
DA:376,7
DA:377,7
DA:378,7
DA:379,7
DA:380,7
DA:381,7
DA:382,7
DA:383,7
DA:384,7
DA:385,7
DA:386,7
DA:387,7
DA:388,7
DA:389,7
DA:390,7
DA:392,7
DA:393,7
DA:395,7
DA:396,7
DA:397,7
DA:398,7
DA:399,7
DA:400,7
DA:401,7
DA:402,7
DA:403,7
DA:404,7
DA:405,7
DA:406,7
DA:407,7
DA:408,7
DA:409,7
DA:410,7
DA:411,7
DA:412,7
DA:413,7
DA:414,7
DA:415,7
DA:416,7
DA:417,7
DA:418,7
DA:420,7
DA:421,7
DA:422,7
DA:423,2
DA:424,2
DA:426,5
DA:427,6
DA:428,2
DA:429,2
DA:430,2
DA:431,7
DA:433,1
DA:434,6
DA:435,6
DA:436,6
DA:437,6
DA:438,6
DA:439,6
DA:440,6
DA:441,6
DA:442,6
DA:443,6
DA:444,6
DA:445,6
DA:446,6
DA:447,6
DA:448,6
DA:450,6
DA:451,6
DA:453,6
DA:454,6
DA:455,6
DA:456,6
DA:457,6
DA:458,6
DA:459,6
DA:460,6
DA:461,6
DA:462,6
DA:463,6
DA:464,6
DA:465,6
DA:466,6
DA:467,6
DA:468,6
DA:469,6
DA:470,6
DA:471,6
DA:472,6
DA:473,6
DA:474,6
DA:475,6
DA:476,6
DA:478,6
DA:479,6
DA:480,6
DA:481,0
DA:482,0
DA:484,6
DA:485,6
DA:486,2
DA:487,2
DA:489,4
DA:490,6
DA:491,2
DA:492,2
DA:493,2
DA:494,6
DA:496,1
DA:497,17
DA:498,17
DA:499,17
DA:500,17
DA:501,17
DA:502,17
DA:503,17
DA:504,0
DA:505,0
DA:507,17
DA:508,17
DA:509,17
DA:510,17
DA:511,17
DA:512,17
DA:513,17
DA:514,17
DA:515,17
DA:516,17
DA:517,17
DA:518,17
DA:519,17
DA:521,1
DA:522,4
DA:523,4
DA:524,4
DA:525,4
DA:526,4
DA:527,4
DA:528,4
DA:529,4
DA:530,4
DA:531,4
DA:532,4
DA:533,4
DA:534,4
DA:535,4
DA:536,4
DA:537,4
DA:538,4
DA:539,4
DA:541,1
DA:542,5
DA:543,5
DA:544,5
DA:545,5
DA:546,5
DA:547,5
DA:548,5
DA:549,5
DA:550,5
DA:551,5
DA:552,1
DA:554,13
DA:555,13
DA:556,10
DA:557,10
DA:559,13
DA:560,0
DA:561,0
DA:563,3
DA:564,8
DA:565,1
DA:566,0
DA:567,0
DA:568,1
DA:569,1
DA:570,1
DA:571,1
DA:572,1
DA:573,1
DA:575,3
DA:576,3
DA:578,5
DA:579,5
DA:580,5
DA:581,5
DA:582,5
DA:583,18
DA:584,18
DA:585,18
DA:586,5
DA:587,5
DA:588,5
LF:514
LH:483
BRDA:92,0,0,11
BRDA:99,1,0,5
BRDA:112,2,0,1
BRDA:132,3,0,4
BRDA:135,4,0,1
BRDA:155,5,0,4
BRDA:155,6,0,3
BRDA:158,7,0,5
BRDA:159,8,0,4
BRDA:166,9,0,1
BRDA:170,10,0,0
BRDA:191,11,0,3
BRDA:194,12,0,1
BRDA:210,13,0,3
BRDA:193,14,0,12
BRDA:233,15,0,4
BRDA:242,16,0,3
BRDA:242,17,0,3
BRDA:242,18,0,1
BRDA:257,19,0,0
BRDA:268,20,0,5
BRDA:275,21,0,4
BRDA:277,22,0,0
BRDA:282,23,0,4
BRDA:282,24,0,3
BRDA:284,25,0,2
BRDA:286,26,0,1
BRDA:302,27,0,0
BRDA:310,28,0,1
BRDA:315,29,0,0
BRDA:336,30,0,0
BRDA:341,31,0,1
BRDA:341,32,0,2
BRDA:357,33,0,0
BRDA:259,34,0,2
BRDA:279,35,0,8
BRDA:304,36,0,2
BRDA:312,37,0,2
BRDA:367,38,0,7
BRDA:381,39,0,0
BRDA:382,40,0,0
BRDA:387,41,0,2
BRDA:387,42,0,5
BRDA:422,43,0,6
BRDA:422,44,0,2
BRDA:424,45,0,5
BRDA:427,46,0,2
BRDA:397,47,0,7
BRDA:433,48,0,6
BRDA:480,49,0,0
BRDA:485,50,0,2
BRDA:487,51,0,4
BRDA:490,52,0,2
BRDA:455,53,0,6
BRDA:496,54,0,17
BRDA:503,55,0,0
BRDA:503,56,0,0
BRDA:521,57,0,4
BRDA:541,58,0,5
BRDA:546,59,0,0
BRDA:547,60,0,0
BRDA:554,61,0,13
BRDA:555,62,0,10
BRDA:555,63,0,12
BRDA:555,64,0,10
BRDA:557,65,0,3
BRDA:559,66,0,8
BRDA:559,67,0,0
BRDA:561,68,0,3
BRDA:564,69,0,1
BRDA:565,70,0,0
BRDA:573,71,0,3
BRDA:578,72,0,5
BRDA:582,73,0,18
BRDA:583,74,0,0
BRF:75
BRH:58
end_of_record
